TN:
SF:/home/travis/build/nemfoundation/nem2-uri-scheme/index.ts
FNF:0
FNH:0
DA:1,1
DA:2,1
LF:2
LH:2
BRF:0
BRH:0
end_of_record
TN:
SF:/home/travis/build/nemfoundation/nem2-uri-scheme/src/uris/TransactionURI.ts
FN:34,(anonymous_0)
FN:45,(anonymous_1)
FN:61,(anonymous_2)
FN:68,(anonymous_3)
FNF:4
FNH:4
FNDA:6,(anonymous_0)
FNDA:3,(anonymous_1)
FNDA:3,(anonymous_2)
FNDA:3,(anonymous_3)
DA:17,1
DA:18,1
DA:21,1
DA:23,1
DA:24,1
DA:34,6
DA:35,6
DA:36,6
DA:37,6
DA:46,3
DA:47,3
DA:48,1
DA:50,2
DA:62,3
DA:69,3
DA:72,3
DA:73,3
DA:74,3
DA:75,3
LF:19
LH:19
BRDA:47,0,0,1
BRDA:47,0,1,2
BRDA:72,1,0,1
BRDA:72,1,1,2
BRDA:73,2,0,1
BRDA:73,2,1,2
BRDA:74,3,0,1
BRDA:74,3,1,2
BRF:8
BRH:8
end_of_record
TN:
SF:/home/travis/build/nemfoundation/nem2-uri-scheme/src/webhooks/AnnounceTransactionWebhookBuilder.ts
FN:17,(anonymous_0)
FN:24,(anonymous_1)
FNF:2
FNH:2
FNDA:1,(anonymous_0)
FNDA:1,(anonymous_1)
DA:15,1
DA:17,1
DA:18,1
DA:25,1
LF:4
LH:4
BRF:0
BRH:0
end_of_record
